
*** Running vivado
    with args -log test_env.vds -m64 -product Vivado -mode batch -messageDb vivado.pb -notrace -source test_env.tcl


****** Vivado v2016.4 (64-bit)
  **** SW Build 1756540 on Mon Jan 23 19:11:23 MST 2017
  **** IP Build 1755317 on Mon Jan 23 20:30:07 MST 2017
    ** Copyright 1986-2016 Xilinx, Inc. All Rights Reserved.

source test_env.tcl -notrace
Command: synth_design -top test_env -part xc7a35tcpg236-1
Starting synth_design
Attempting to get a license for feature 'Synthesis' and/or device 'xc7a35t'
INFO: [Common 17-349] Got license for feature 'Synthesis' and/or device 'xc7a35t'
INFO: Launching helper process for spawning children vivado processes
INFO: Helper process launched with PID 39320 
---------------------------------------------------------------------------------
Starting RTL Elaboration : Time (s): cpu = 00:00:03 ; elapsed = 00:00:08 . Memory (MB): peak = 283.203 ; gain = 72.918
---------------------------------------------------------------------------------
INFO: [Synth 8-638] synthesizing module 'test_env' [C:/Users/sergi/Downloads/mips16/lab7_4.vhd:13]
INFO: [Synth 8-3491] module 'MPG' declared at 'C:/Users/sergi/Downloads/mips16/MPG.vhd:5' bound to instance 'monopulse1' of component 'MPG' [C:/Users/sergi/Downloads/mips16/lab7_4.vhd:134]
INFO: [Synth 8-638] synthesizing module 'MPG' [C:/Users/sergi/Downloads/mips16/MPG.vhd:11]
INFO: [Synth 8-256] done synthesizing module 'MPG' (1#1) [C:/Users/sergi/Downloads/mips16/MPG.vhd:11]
INFO: [Synth 8-3491] module 'MPG' declared at 'C:/Users/sergi/Downloads/mips16/MPG.vhd:5' bound to instance 'monopulse2' of component 'MPG' [C:/Users/sergi/Downloads/mips16/lab7_4.vhd:135]
INFO: [Synth 8-3491] module 'IFetch' declared at 'C:/Users/sergi/Downloads/mips16/IFetch.vhd:5' bound to instance 'inst_IF' of component 'IFetch' [C:/Users/sergi/Downloads/mips16/lab7_4.vhd:139]
INFO: [Synth 8-638] synthesizing module 'IFetch' [C:/Users/sergi/Downloads/mips16/IFetch.vhd:19]
INFO: [Synth 8-256] done synthesizing module 'IFetch' (2#1) [C:/Users/sergi/Downloads/mips16/IFetch.vhd:19]
INFO: [Synth 8-3491] module 'IDecode' declared at 'C:/Users/sergi/Downloads/mips16/IDecode.vhd:5' bound to instance 'inst_ID' of component 'IDecode' [C:/Users/sergi/Downloads/mips16/lab7_4.vhd:154]
INFO: [Synth 8-638] synthesizing module 'IDecode' [C:/Users/sergi/Downloads/mips16/IDecode.vhd:22]
INFO: [Synth 8-226] default block is never used [C:/Users/sergi/Downloads/mips16/IDecode.vhd:36]
INFO: [Synth 8-226] default block is never used [C:/Users/sergi/Downloads/mips16/IDecode.vhd:55]
INFO: [Synth 8-256] done synthesizing module 'IDecode' (3#1) [C:/Users/sergi/Downloads/mips16/IDecode.vhd:22]
INFO: [Synth 8-3491] module 'MainControl' declared at 'C:/Users/sergi/Downloads/mips16/MainControl.vhd:4' bound to instance 'inst_MC' of component 'MainControl' [C:/Users/sergi/Downloads/mips16/lab7_4.vhd:156]
INFO: [Synth 8-638] synthesizing module 'MainControl' [C:/Users/sergi/Downloads/mips16/MainControl.vhd:17]
INFO: [Synth 8-226] default block is never used [C:/Users/sergi/Downloads/mips16/MainControl.vhd:26]
INFO: [Synth 8-256] done synthesizing module 'MainControl' (4#1) [C:/Users/sergi/Downloads/mips16/MainControl.vhd:17]
INFO: [Synth 8-3491] module 'ExecutionUnit' declared at 'C:/Users/sergi/Downloads/mips16/ExecutionUnit.vhd:6' bound to instance 'inst_EX' of component 'ExecutionUnit' [C:/Users/sergi/Downloads/mips16/lab7_4.vhd:192]
INFO: [Synth 8-638] synthesizing module 'ExecutionUnit' [C:/Users/sergi/Downloads/mips16/ExecutionUnit.vhd:22]
INFO: [Synth 8-226] default block is never used [C:/Users/sergi/Downloads/mips16/ExecutionUnit.vhd:32]
INFO: [Synth 8-226] default block is never used [C:/Users/sergi/Downloads/mips16/ExecutionUnit.vhd:37]
INFO: [Synth 8-226] default block is never used [C:/Users/sergi/Downloads/mips16/ExecutionUnit.vhd:46]
INFO: [Synth 8-226] default block is never used [C:/Users/sergi/Downloads/mips16/ExecutionUnit.vhd:68]
INFO: [Synth 8-226] default block is never used [C:/Users/sergi/Downloads/mips16/ExecutionUnit.vhd:74]
INFO: [Synth 8-226] default block is never used [C:/Users/sergi/Downloads/mips16/ExecutionUnit.vhd:80]
INFO: [Synth 8-256] done synthesizing module 'ExecutionUnit' (5#1) [C:/Users/sergi/Downloads/mips16/ExecutionUnit.vhd:22]
INFO: [Synth 8-3491] module 'MEM' declared at 'C:/Users/sergi/Downloads/mips16/MEM.vhd:5' bound to instance 'inst_MEM' of component 'MEM' [C:/Users/sergi/Downloads/mips16/lab7_4.vhd:226]
INFO: [Synth 8-638] synthesizing module 'MEM' [C:/Users/sergi/Downloads/mips16/MEM.vhd:15]
INFO: [Synth 8-256] done synthesizing module 'MEM' (6#1) [C:/Users/sergi/Downloads/mips16/MEM.vhd:15]
INFO: [Synth 8-226] default block is never used [C:/Users/sergi/Downloads/mips16/lab7_4.vhd:273]
INFO: [Synth 8-3491] module 'SSD' declared at 'C:/Users/sergi/Downloads/mips16/SSD.vhd:5' bound to instance 'display' of component 'SSD' [C:/Users/sergi/Downloads/mips16/lab7_4.vhd:283]
INFO: [Synth 8-638] synthesizing module 'SSD' [C:/Users/sergi/Downloads/mips16/SSD.vhd:12]
INFO: [Synth 8-226] default block is never used [C:/Users/sergi/Downloads/mips16/SSD.vhd:31]
INFO: [Synth 8-226] default block is never used [C:/Users/sergi/Downloads/mips16/SSD.vhd:42]
INFO: [Synth 8-226] default block is never used [C:/Users/sergi/Downloads/mips16/SSD.vhd:52]
INFO: [Synth 8-256] done synthesizing module 'SSD' (7#1) [C:/Users/sergi/Downloads/mips16/SSD.vhd:12]
INFO: [Synth 8-256] done synthesizing module 'test_env' (8#1) [C:/Users/sergi/Downloads/mips16/lab7_4.vhd:13]
WARNING: [Synth 8-3331] design ExecutionUnit has unconnected port RegDst
WARNING: [Synth 8-3331] design test_env has unconnected port led[15]
WARNING: [Synth 8-3331] design test_env has unconnected port led[14]
WARNING: [Synth 8-3331] design test_env has unconnected port led[13]
WARNING: [Synth 8-3331] design test_env has unconnected port led[12]
WARNING: [Synth 8-3331] design test_env has unconnected port led[11]
WARNING: [Synth 8-3331] design test_env has unconnected port btn[4]
WARNING: [Synth 8-3331] design test_env has unconnected port btn[3]
WARNING: [Synth 8-3331] design test_env has unconnected port btn[2]
WARNING: [Synth 8-3331] design test_env has unconnected port sw[15]
WARNING: [Synth 8-3331] design test_env has unconnected port sw[14]
WARNING: [Synth 8-3331] design test_env has unconnected port sw[13]
WARNING: [Synth 8-3331] design test_env has unconnected port sw[12]
WARNING: [Synth 8-3331] design test_env has unconnected port sw[11]
WARNING: [Synth 8-3331] design test_env has unconnected port sw[10]
WARNING: [Synth 8-3331] design test_env has unconnected port sw[9]
WARNING: [Synth 8-3331] design test_env has unconnected port sw[8]
WARNING: [Synth 8-3331] design test_env has unconnected port sw[4]
WARNING: [Synth 8-3331] design test_env has unconnected port sw[3]
WARNING: [Synth 8-3331] design test_env has unconnected port sw[2]
WARNING: [Synth 8-3331] design test_env has unconnected port sw[1]
WARNING: [Synth 8-3331] design test_env has unconnected port sw[0]
---------------------------------------------------------------------------------
Finished RTL Elaboration : Time (s): cpu = 00:00:03 ; elapsed = 00:00:08 . Memory (MB): peak = 320.621 ; gain = 110.336
---------------------------------------------------------------------------------

Report Check Netlist: 
+------+------------------+-------+---------+-------+------------------+
|      |Item              |Errors |Warnings |Status |Description       |
+------+------------------+-------+---------+-------+------------------+
|1     |multi_driven_nets |      0|        0|Passed |Multi driven nets |
+------+------------------+-------+---------+-------+------------------+
---------------------------------------------------------------------------------
Finished RTL Optimization Phase 1 : Time (s): cpu = 00:00:03 ; elapsed = 00:00:09 . Memory (MB): peak = 320.621 ; gain = 110.336
---------------------------------------------------------------------------------
INFO: [Device 21-403] Loading part xc7a35tcpg236-1
INFO: [Project 1-570] Preparing netlist for logic optimization

Processing XDC Constraints
Initializing timing engine
Parsing XDC File [C:/Users/sergi/project_pipeline/project_pipeline.srcs/constrs_1/new/constraints.xdc]
Finished Parsing XDC File [C:/Users/sergi/project_pipeline/project_pipeline.srcs/constrs_1/new/constraints.xdc]
INFO: [Project 1-236] Implementation specific constraints were found while reading constraint file [C:/Users/sergi/project_pipeline/project_pipeline.srcs/constrs_1/new/constraints.xdc]. These constraints will be ignored for synthesis but will be used in implementation. Impacted constraints are listed in the file [.Xil/test_env_propImpl.xdc].
Resolution: To avoid this warning, move constraints listed in [.Xil/test_env_propImpl.xdc] to another XDC file and exclude this new file from synthesis with the used_in_synthesis property (File Properties dialog in GUI) and re-run elaboration/synthesis.
Completed Processing XDC Constraints

INFO: [Project 1-111] Unisim Transformation Summary:
No Unisim elements were transformed.

Constraint Validation Runtime : Time (s): cpu = 00:00:00 ; elapsed = 00:00:00.004 . Memory (MB): peak = 612.711 ; gain = 0.000
---------------------------------------------------------------------------------
Finished Constraint Validation : Time (s): cpu = 00:00:09 ; elapsed = 00:00:16 . Memory (MB): peak = 612.711 ; gain = 402.426
---------------------------------------------------------------------------------
---------------------------------------------------------------------------------
Start Loading Part and Timing Information
---------------------------------------------------------------------------------
Loading part: xc7a35tcpg236-1
---------------------------------------------------------------------------------
Finished Loading Part and Timing Information : Time (s): cpu = 00:00:09 ; elapsed = 00:00:16 . Memory (MB): peak = 612.711 ; gain = 402.426
---------------------------------------------------------------------------------
---------------------------------------------------------------------------------
Start Applying 'set_property' XDC Constraints
---------------------------------------------------------------------------------
---------------------------------------------------------------------------------
Finished applying 'set_property' XDC Constraints : Time (s): cpu = 00:00:09 ; elapsed = 00:00:16 . Memory (MB): peak = 612.711 ; gain = 402.426
---------------------------------------------------------------------------------
INFO: [Synth 8-5546] ROM "ROM" won't be mapped to RAM because it is too sparse
INFO: [Synth 8-5546] ROM "Zero" won't be mapped to RAM because it is too sparse
---------------------------------------------------------------------------------
Finished RTL Optimization Phase 2 : Time (s): cpu = 00:00:09 ; elapsed = 00:00:16 . Memory (MB): peak = 612.711 ; gain = 402.426
---------------------------------------------------------------------------------

Report RTL Partitions: 
+-+--------------+------------+----------+
| |RTL Partition |Replication |Instances |
+-+--------------+------------+----------+
+-+--------------+------------+----------+
---------------------------------------------------------------------------------
Start RTL Component Statistics 
---------------------------------------------------------------------------------
Detailed RTL Component Info : 
+---Adders : 
	   2 Input     16 Bit       Adders := 3     
	   3 Input     16 Bit       Adders := 1     
+---XORs : 
	   2 Input     16 Bit         XORs := 1     
+---Registers : 
	               80 Bit    Registers := 1     
	               56 Bit    Registers := 1     
	               39 Bit    Registers := 1     
	               32 Bit    Registers := 1     
	               16 Bit    Registers := 8     
	                3 Bit    Registers := 4     
	                1 Bit    Registers := 11    
+---RAMs : 
	              512 Bit         RAMs := 1     
	              128 Bit         RAMs := 1     
+---Muxes : 
	 257 Input     16 Bit        Muxes := 1     
	   2 Input     16 Bit        Muxes := 6     
	   2 Input      9 Bit        Muxes := 1     
	   4 Input      4 Bit        Muxes := 2     
	   2 Input      3 Bit        Muxes := 2     
	   8 Input      3 Bit        Muxes := 1     
	   6 Input      3 Bit        Muxes := 1     
	   8 Input      1 Bit        Muxes := 8     
	   2 Input      1 Bit        Muxes := 1     
---------------------------------------------------------------------------------
Finished RTL Component Statistics 
---------------------------------------------------------------------------------
---------------------------------------------------------------------------------
Start RTL Hierarchical Component Statistics 
---------------------------------------------------------------------------------
Hierarchical RTL Component report 
Module test_env 
Detailed RTL Component Info : 
+---Registers : 
	               80 Bit    Registers := 1     
	               56 Bit    Registers := 1     
	               39 Bit    Registers := 1     
	               32 Bit    Registers := 1     
	               16 Bit    Registers := 7     
	                3 Bit    Registers := 4     
	                1 Bit    Registers := 5     
+---Muxes : 
	   2 Input     16 Bit        Muxes := 1     
	   2 Input      3 Bit        Muxes := 1     
Module MPG 
Detailed RTL Component Info : 
+---Registers : 
	                1 Bit    Registers := 3     
Module IFetch 
Detailed RTL Component Info : 
+---Adders : 
	   2 Input     16 Bit       Adders := 1     
+---Registers : 
	               16 Bit    Registers := 1     
+---Muxes : 
	 257 Input     16 Bit        Muxes := 1     
	   2 Input     16 Bit        Muxes := 2     
Module IDecode 
Detailed RTL Component Info : 
+---RAMs : 
	              128 Bit         RAMs := 1     
+---Muxes : 
	   2 Input      9 Bit        Muxes := 1     
	   2 Input      3 Bit        Muxes := 1     
Module MainControl 
Detailed RTL Component Info : 
+---Muxes : 
	   8 Input      3 Bit        Muxes := 1     
	   8 Input      1 Bit        Muxes := 8     
Module ExecutionUnit 
Detailed RTL Component Info : 
+---Adders : 
	   2 Input     16 Bit       Adders := 2     
	   3 Input     16 Bit       Adders := 1     
+---XORs : 
	   2 Input     16 Bit         XORs := 1     
+---Muxes : 
	   2 Input     16 Bit        Muxes := 3     
	   6 Input      3 Bit        Muxes := 1     
	   2 Input      1 Bit        Muxes := 1     
Module MEM 
Detailed RTL Component Info : 
+---RAMs : 
	              512 Bit         RAMs := 1     
Module SSD 
Detailed RTL Component Info : 
+---Muxes : 
	   4 Input      4 Bit        Muxes := 2     
---------------------------------------------------------------------------------
Finished RTL Hierarchical Component Statistics
---------------------------------------------------------------------------------
---------------------------------------------------------------------------------
Start Part Resource Summary
---------------------------------------------------------------------------------
Part Resources:
DSPs: 90 (col length:60)
BRAMs: 100 (col length: RAMB18 60 RAMB36 30)
---------------------------------------------------------------------------------
Finished Part Resource Summary
---------------------------------------------------------------------------------
---------------------------------------------------------------------------------
Start Cross Boundary and Area Optimization
---------------------------------------------------------------------------------
WARNING: [Synth 8-3936] Found unconnected internal register 'memALURes_reg' and it is trimmed from '16' to '5' bits. [C:/Users/sergi/Downloads/mips16/lab7_4.vhd:220]
INFO: [Synth 8-5546] ROM "inst_EX/Zero" won't be mapped to RAM because it is too sparse
WARNING: [Synth 8-3331] design test_env has unconnected port led[15]
WARNING: [Synth 8-3331] design test_env has unconnected port led[14]
WARNING: [Synth 8-3331] design test_env has unconnected port led[13]
WARNING: [Synth 8-3331] design test_env has unconnected port led[12]
WARNING: [Synth 8-3331] design test_env has unconnected port led[11]
WARNING: [Synth 8-3331] design test_env has unconnected port btn[4]
WARNING: [Synth 8-3331] design test_env has unconnected port btn[3]
WARNING: [Synth 8-3331] design test_env has unconnected port btn[2]
WARNING: [Synth 8-3331] design test_env has unconnected port sw[15]
WARNING: [Synth 8-3331] design test_env has unconnected port sw[14]
WARNING: [Synth 8-3331] design test_env has unconnected port sw[13]
WARNING: [Synth 8-3331] design test_env has unconnected port sw[12]
WARNING: [Synth 8-3331] design test_env has unconnected port sw[11]
WARNING: [Synth 8-3331] design test_env has unconnected port sw[10]
WARNING: [Synth 8-3331] design test_env has unconnected port sw[9]
WARNING: [Synth 8-3331] design test_env has unconnected port sw[8]
WARNING: [Synth 8-3331] design test_env has unconnected port sw[4]
WARNING: [Synth 8-3331] design test_env has unconnected port sw[3]
WARNING: [Synth 8-3331] design test_env has unconnected port sw[2]
WARNING: [Synth 8-3331] design test_env has unconnected port sw[1]
WARNING: [Synth 8-3331] design test_env has unconnected port sw[0]
INFO: [Synth 8-3886] merging instance 'MEM_WB_reg[7]' (FD) to 'memALURes_reg[4]'
INFO: [Synth 8-3886] merging instance 'MEM_WB_reg[3]' (FD) to 'memALURes_reg[0]'
INFO: [Synth 8-3886] merging instance 'MEM_WB_reg[4]' (FD) to 'memALURes_reg[1]'
INFO: [Synth 8-3886] merging instance 'MEM_WB_reg[5]' (FD) to 'memALURes_reg[2]'
INFO: [Synth 8-3886] merging instance 'ID_EX_reg[19]' (FD) to 'ID_EX_reg[18]'
INFO: [Synth 8-3886] merging instance 'ID_EX_reg[20]' (FD) to 'ID_EX_reg[18]'
INFO: [Synth 8-3886] merging instance 'ID_EX_reg[21]' (FD) to 'ID_EX_reg[18]'
INFO: [Synth 8-3886] merging instance 'ID_EX_reg[18]' (FD) to 'ID_EX_reg[14]'
INFO: [Synth 8-3886] merging instance 'ID_EX_reg[1]' (FD) to 'ID_EX_reg[11]'
INFO: [Synth 8-3886] merging instance 'ID_EX_reg[2]' (FD) to 'ID_EX_reg[12]'
INFO: [Synth 8-3886] merging instance 'ID_EX_reg[13]' (FD) to 'ID_EX_reg[14]'
INFO: [Synth 8-3886] merging instance 'ID_EX_reg[14]' (FD) to 'ID_EX_reg[15]'
INFO: [Synth 8-3886] merging instance 'ID_EX_reg[15]' (FD) to 'ID_EX_reg[16]'
INFO: [Synth 8-3886] merging instance 'ID_EX_reg[16]' (FD) to 'ID_EX_reg[17]'
INFO: [Synth 8-3886] merging instance 'MEM_WB_reg[6]' (FD) to 'memALURes_reg[3]'
INFO: [Synth 8-3886] merging instance 'MEM_WB_reg[36]' (FD) to 'memMemWrite_reg'
INFO: [Synth 8-3886] merging instance 'ID_EX_reg[0]' (FD) to 'ID_EX_reg[10]'
INFO: [Synth 8-3886] merging instance 'exPCinc_reg[0]' (FD) to 'exfunc_reg[0]'
INFO: [Synth 8-3886] merging instance 'exPCinc_reg[1]' (FD) to 'exfunc_reg[1]'
INFO: [Synth 8-3886] merging instance 'exPCinc_reg[2]' (FD) to 'exfunc_reg[2]'
INFO: [Synth 8-3886] merging instance 'exPCinc_reg[3]' (FD) to 'exsa_reg'
INFO: [Synth 8-3886] merging instance 'IF_ID_reg[1]' (FD) to 'IF_ID_reg[2]'
INFO: [Synth 8-3333] propagating constant 0 across sequential element (\IF_ID_reg[2] )
INFO: [Synth 8-3886] merging instance 'exExt_imm_reg[13]' (FD) to 'exExt_imm_reg[10]'
INFO: [Synth 8-3886] merging instance 'exExt_imm_reg[14]' (FD) to 'exExt_imm_reg[10]'
INFO: [Synth 8-3886] merging instance 'exExt_imm_reg[15]' (FD) to 'exExt_imm_reg[10]'
INFO: [Synth 8-3886] merging instance 'exExt_imm_reg[12]' (FD) to 'exExt_imm_reg[10]'
INFO: [Synth 8-3886] merging instance 'ex_wreg_rd_reg[1]' (FD) to 'exExt_imm_reg[5]'
INFO: [Synth 8-3886] merging instance 'ex_wreg_rd_reg[2]' (FD) to 'exExt_imm_reg[6]'
INFO: [Synth 8-3886] merging instance 'exExt_imm_reg[7]' (FD) to 'exExt_imm_reg[10]'
INFO: [Synth 8-3886] merging instance 'exExt_imm_reg[8]' (FD) to 'exExt_imm_reg[10]'
INFO: [Synth 8-3886] merging instance 'exExt_imm_reg[9]' (FD) to 'exExt_imm_reg[10]'
INFO: [Synth 8-3886] merging instance 'exExt_imm_reg[10]' (FD) to 'exExt_imm_reg[11]'
INFO: [Synth 8-3886] merging instance 'ex_wreg_rd_reg[0]' (FD) to 'exExt_imm_reg[4]'
INFO: [Synth 8-3886] merging instance 'IF_ID_reg[3]' (FD) to 'IF_ID_reg[15]'
INFO: [Synth 8-3886] merging instance 'IF_ID_reg[2]' (FD) to 'ID_EX_reg[7]'
INFO: [Synth 8-3886] merging instance 'ID_EX_reg[7]' (FD) to 'ID_EX_reg[8]'
INFO: [Synth 8-3333] propagating constant 0 across sequential element (\ID_EX_reg[8] )
INFO: [Synth 8-3886] merging instance 'exExt_imm_reg[1]' (FD) to 'exExt_imm_reg[2]'
INFO: [Synth 8-3886] merging instance 'exExt_imm_reg[2]' (FD) to 'ID_EX_reg[8]'
INFO: [Synth 8-3333] propagating constant 0 across sequential element (\ID_EX_reg[8] )
WARNING: [Synth 8-3332] Sequential element (ID_EX_reg[79]) is unused and will be removed from module test_env.
WARNING: [Synth 8-3332] Sequential element (ID_EX_reg[77]) is unused and will be removed from module test_env.
WARNING: [Synth 8-3332] Sequential element (ID_EX_reg[76]) is unused and will be removed from module test_env.
WARNING: [Synth 8-3332] Sequential element (ID_EX_reg[74]) is unused and will be removed from module test_env.
WARNING: [Synth 8-3332] Sequential element (ID_EX_reg[5]) is unused and will be removed from module test_env.
WARNING: [Synth 8-3332] Sequential element (ID_EX_reg[4]) is unused and will be removed from module test_env.
WARNING: [Synth 8-3332] Sequential element (ID_EX_reg[3]) is unused and will be removed from module test_env.
WARNING: [Synth 8-3332] Sequential element (exRegDst_reg) is unused and will be removed from module test_env.
WARNING: [Synth 8-3332] Sequential element (ex_wreg_rt_reg[2]) is unused and will be removed from module test_env.
WARNING: [Synth 8-3332] Sequential element (ex_wreg_rt_reg[1]) is unused and will be removed from module test_env.
WARNING: [Synth 8-3332] Sequential element (ex_wreg_rt_reg[0]) is unused and will be removed from module test_env.
WARNING: [Synth 8-3332] Sequential element (EX_MEM_reg[54]) is unused and will be removed from module test_env.
WARNING: [Synth 8-3332] Sequential element (EX_MEM_reg[52]) is unused and will be removed from module test_env.
WARNING: [Synth 8-3332] Sequential element (EX_MEM_reg[51]) is unused and will be removed from module test_env.
WARNING: [Synth 8-3332] Sequential element (EX_MEM_reg[50]) is unused and will be removed from module test_env.
WARNING: [Synth 8-3332] Sequential element (EX_MEM_reg[49]) is unused and will be removed from module test_env.
WARNING: [Synth 8-3332] Sequential element (EX_MEM_reg[48]) is unused and will be removed from module test_env.
WARNING: [Synth 8-3332] Sequential element (EX_MEM_reg[47]) is unused and will be removed from module test_env.
WARNING: [Synth 8-3332] Sequential element (EX_MEM_reg[46]) is unused and will be removed from module test_env.
WARNING: [Synth 8-3332] Sequential element (EX_MEM_reg[45]) is unused and will be removed from module test_env.
WARNING: [Synth 8-3332] Sequential element (EX_MEM_reg[44]) is unused and will be removed from module test_env.
WARNING: [Synth 8-3332] Sequential element (EX_MEM_reg[43]) is unused and will be removed from module test_env.
WARNING: [Synth 8-3332] Sequential element (EX_MEM_reg[42]) is unused and will be removed from module test_env.
WARNING: [Synth 8-3332] Sequential element (EX_MEM_reg[41]) is unused and will be removed from module test_env.
WARNING: [Synth 8-3332] Sequential element (EX_MEM_reg[40]) is unused and will be removed from module test_env.
WARNING: [Synth 8-3332] Sequential element (EX_MEM_reg[39]) is unused and will be removed from module test_env.
WARNING: [Synth 8-3332] Sequential element (EX_MEM_reg[38]) is unused and will be removed from module test_env.
WARNING: [Synth 8-3332] Sequential element (EX_MEM_reg[37]) is unused and will be removed from module test_env.
WARNING: [Synth 8-3332] Sequential element (EX_MEM_reg[36]) is unused and will be removed from module test_env.
WARNING: [Synth 8-3332] Sequential element (EX_MEM_reg[35]) is unused and will be removed from module test_env.
WARNING: [Synth 8-3332] Sequential element (EX_MEM_reg[2]) is unused and will be removed from module test_env.
WARNING: [Synth 8-3332] Sequential element (EX_MEM_reg[1]) is unused and will be removed from module test_env.
WARNING: [Synth 8-3332] Sequential element (EX_MEM_reg[0]) is unused and will be removed from module test_env.
WARNING: [Synth 8-3332] Sequential element (MEM_WB_reg[37]) is unused and will be removed from module test_env.
WARNING: [Synth 8-3332] Sequential element (MEM_WB_reg[35]) is unused and will be removed from module test_env.
WARNING: [Synth 8-3332] Sequential element (MEM_WB_reg[2]) is unused and will be removed from module test_env.
WARNING: [Synth 8-3332] Sequential element (MEM_WB_reg[1]) is unused and will be removed from module test_env.
WARNING: [Synth 8-3332] Sequential element (MEM_WB_reg[0]) is unused and will be removed from module test_env.
WARNING: [Synth 8-3332] Sequential element (ID_EX_reg[8]) is unused and will be removed from module test_env.
---------------------------------------------------------------------------------
Finished Cross Boundary and Area Optimization : Time (s): cpu = 00:00:11 ; elapsed = 00:00:18 . Memory (MB): peak = 612.711 ; gain = 402.426
---------------------------------------------------------------------------------
---------------------------------------------------------------------------------
Start ROM, RAM, DSP and Shift Register Reporting
---------------------------------------------------------------------------------

Distributed RAM: Preliminary Mapping  Report (see note below)
+------------+----------------------+-----------+----------------------+-----------------+
|Module Name | RTL Object           | Inference | Size (Depth x Width) | Primitives      | 
+------------+----------------------+-----------+----------------------+-----------------+
|test_env    | inst_ID/reg_file_reg | Implied   | 8 x 16               | RAM32M x 6      | 
|test_env    | inst_MEM/MEM_reg     | Implied   | 32 x 16              | RAM32X1S x 16   | 
+------------+----------------------+-----------+----------------------+-----------------+

Note: The table above is a preliminary report that shows the Distributed RAMs at the current stage of the synthesis flow. Some Distributed RAMs may be reimplemented as non Distributed RAM primitives later in the synthesis flow. Multiple instantiated RAMs are reported only once.
---------------------------------------------------------------------------------
Finished ROM, RAM, DSP and Shift Register Reporting
---------------------------------------------------------------------------------

Report RTL Partitions: 
+-+--------------+------------+----------+
| |RTL Partition |Replication |Instances |
+-+--------------+------------+----------+
+-+--------------+------------+----------+
---------------------------------------------------------------------------------
Start Timing Optimization
---------------------------------------------------------------------------------
---------------------------------------------------------------------------------
Start Applying XDC Timing Constraints
---------------------------------------------------------------------------------
---------------------------------------------------------------------------------
Finished Applying XDC Timing Constraints : Time (s): cpu = 00:00:18 ; elapsed = 00:00:25 . Memory (MB): peak = 612.711 ; gain = 402.426
---------------------------------------------------------------------------------
---------------------------------------------------------------------------------
Finished Timing Optimization : Time (s): cpu = 00:00:18 ; elapsed = 00:00:25 . Memory (MB): peak = 612.711 ; gain = 402.426
---------------------------------------------------------------------------------

Report RTL Partitions: 
+-+--------------+------------+----------+
| |RTL Partition |Replication |Instances |
+-+--------------+------------+----------+
+-+--------------+------------+----------+
---------------------------------------------------------------------------------
Start Technology Mapping
---------------------------------------------------------------------------------
---------------------------------------------------------------------------------
Finished Technology Mapping : Time (s): cpu = 00:00:18 ; elapsed = 00:00:25 . Memory (MB): peak = 612.895 ; gain = 402.609
---------------------------------------------------------------------------------

Report RTL Partitions: 
+-+--------------+------------+----------+
| |RTL Partition |Replication |Instances |
+-+--------------+------------+----------+
+-+--------------+------------+----------+
---------------------------------------------------------------------------------
Start IO Insertion
---------------------------------------------------------------------------------
---------------------------------------------------------------------------------
Start Flattening Before IO Insertion
---------------------------------------------------------------------------------
---------------------------------------------------------------------------------
Finished Flattening Before IO Insertion
---------------------------------------------------------------------------------
---------------------------------------------------------------------------------
Start Final Netlist Cleanup
---------------------------------------------------------------------------------
---------------------------------------------------------------------------------
Finished Final Netlist Cleanup
---------------------------------------------------------------------------------
---------------------------------------------------------------------------------
Finished IO Insertion : Time (s): cpu = 00:00:18 ; elapsed = 00:00:26 . Memory (MB): peak = 612.895 ; gain = 402.609
---------------------------------------------------------------------------------

Report Check Netlist: 
+------+------------------+-------+---------+-------+------------------+
|      |Item              |Errors |Warnings |Status |Description       |
+------+------------------+-------+---------+-------+------------------+
|1     |multi_driven_nets |      0|        0|Passed |Multi driven nets |
+------+------------------+-------+---------+-------+------------------+
---------------------------------------------------------------------------------
Start Renaming Generated Instances
---------------------------------------------------------------------------------
---------------------------------------------------------------------------------
Finished Renaming Generated Instances : Time (s): cpu = 00:00:18 ; elapsed = 00:00:26 . Memory (MB): peak = 612.895 ; gain = 402.609
---------------------------------------------------------------------------------

Report RTL Partitions: 
+-+--------------+------------+----------+
| |RTL Partition |Replication |Instances |
+-+--------------+------------+----------+
+-+--------------+------------+----------+
---------------------------------------------------------------------------------
Start Rebuilding User Hierarchy
---------------------------------------------------------------------------------
---------------------------------------------------------------------------------
Finished Rebuilding User Hierarchy : Time (s): cpu = 00:00:18 ; elapsed = 00:00:26 . Memory (MB): peak = 612.895 ; gain = 402.609
---------------------------------------------------------------------------------
---------------------------------------------------------------------------------
Start Renaming Generated Ports
---------------------------------------------------------------------------------
---------------------------------------------------------------------------------
Finished Renaming Generated Ports : Time (s): cpu = 00:00:18 ; elapsed = 00:00:26 . Memory (MB): peak = 612.895 ; gain = 402.609
---------------------------------------------------------------------------------
---------------------------------------------------------------------------------
Start Handling Custom Attributes
---------------------------------------------------------------------------------
---------------------------------------------------------------------------------
Finished Handling Custom Attributes : Time (s): cpu = 00:00:18 ; elapsed = 00:00:26 . Memory (MB): peak = 612.895 ; gain = 402.609
---------------------------------------------------------------------------------
---------------------------------------------------------------------------------
Start Renaming Generated Nets
---------------------------------------------------------------------------------
---------------------------------------------------------------------------------
Finished Renaming Generated Nets : Time (s): cpu = 00:00:18 ; elapsed = 00:00:26 . Memory (MB): peak = 612.895 ; gain = 402.609
---------------------------------------------------------------------------------
---------------------------------------------------------------------------------
Start ROM, RAM, DSP and Shift Register Reporting
---------------------------------------------------------------------------------

Static Shift Register Report:
+------------+-----------------+--------+-------+--------------+--------------------+-------------------+--------+---------+
|Module Name | RTL Name        | Length | Width | Reset Signal | Pull out first Reg | Pull out last Reg | SRL16E | SRLC32E | 
+------------+-----------------+--------+-------+--------------+--------------------+-------------------+--------+---------+
|test_env    | exPCinc_reg[15] | 3      | 12    | NO           | NO                 | YES               | 12     | 0       | 
|test_env    | exsa_reg        | 3      | 1     | NO           | NO                 | YES               | 1      | 0       | 
|test_env    | wbMemToReg_reg  | 4      | 1     | NO           | NO                 | YES               | 1      | 0       | 
|test_env    | memMemWrite_reg | 3      | 1     | NO           | NO                 | YES               | 1      | 0       | 
|test_env    | exfunc_reg[0]   | 3      | 3     | NO           | NO                 | YES               | 3      | 0       | 
+------------+-----------------+--------+-------+--------------+--------------------+-------------------+--------+---------+

---------------------------------------------------------------------------------
Finished ROM, RAM, DSP and Shift Register Reporting
---------------------------------------------------------------------------------
---------------------------------------------------------------------------------
Start Writing Synthesis Report
---------------------------------------------------------------------------------

Report BlackBoxes: 
+-+--------------+----------+
| |BlackBox name |Instances |
+-+--------------+----------+
+-+--------------+----------+

Report Cell Usage: 
+------+---------+------+
|      |Cell     |Count |
+------+---------+------+
|1     |BUFG     |     1|
|2     |CARRY4   |    22|
|3     |LUT1     |    34|
|4     |LUT2     |    24|
|5     |LUT3     |    51|
|6     |LUT4     |    53|
|7     |LUT5     |    58|
|8     |LUT6     |    73|
|9     |MUXF7    |    32|
|10    |RAM32M   |     6|
|11    |RAM32X1S |    16|
|12    |SRL16E   |    18|
|13    |FDRE     |   257|
|14    |IBUF     |     6|
|15    |OBUF     |    22|
|16    |OBUFT    |     5|
+------+---------+------+

Report Instance Areas: 
+------+-------------+--------------+------+
|      |Instance     |Module        |Cells |
+------+-------------+--------------+------+
|1     |top          |              |   678|
|2     |  inst_EX    |ExecutionUnit |    53|
|3     |  inst_ID    |IDecode       |    52|
|4     |  inst_IF    |IFetch        |   198|
|5     |  inst_MEM   |MEM           |    32|
|6     |  monopulse1 |MPG           |    50|
|7     |  monopulse2 |MPG_0         |     4|
+------+-------------+--------------+------+
---------------------------------------------------------------------------------
Finished Writing Synthesis Report : Time (s): cpu = 00:00:18 ; elapsed = 00:00:26 . Memory (MB): peak = 612.895 ; gain = 402.609
---------------------------------------------------------------------------------
Synthesis finished with 0 errors, 0 critical warnings and 61 warnings.
Synthesis Optimization Runtime : Time (s): cpu = 00:00:12 ; elapsed = 00:00:17 . Memory (MB): peak = 612.895 ; gain = 110.520
Synthesis Optimization Complete : Time (s): cpu = 00:00:18 ; elapsed = 00:00:26 . Memory (MB): peak = 612.895 ; gain = 402.609
INFO: [Project 1-571] Translating synthesized netlist
INFO: [Netlist 29-17] Analyzing 50 Unisim elements for replacement
INFO: [Netlist 29-28] Unisim Transformation completed in 0 CPU seconds
INFO: [Project 1-570] Preparing netlist for logic optimization
INFO: [Opt 31-138] Pushed 0 inverter(s) to 0 load pin(s).
INFO: [Project 1-111] Unisim Transformation Summary:
  A total of 22 instances were transformed.
  RAM32M => RAM32M (RAMD32, RAMD32, RAMD32, RAMD32, RAMD32, RAMD32, RAMS32, RAMS32): 6 instances
  RAM32X1S => RAM32X1S (RAMS32): 16 instances

INFO: [Common 17-83] Releasing license: Synthesis
101 Infos, 83 Warnings, 0 Critical Warnings and 0 Errors encountered.
synth_design completed successfully
synth_design: Time (s): cpu = 00:00:19 ; elapsed = 00:00:23 . Memory (MB): peak = 612.895 ; gain = 402.609
INFO: [Common 17-1381] The checkpoint 'C:/Users/sergi/project_pipeline/project_pipeline.runs/synth_1/test_env.dcp' has been generated.
report_utilization: Time (s): cpu = 00:00:00 ; elapsed = 00:00:00.012 . Memory (MB): peak = 612.895 ; gain = 0.000
INFO: [Common 17-206] Exiting Vivado at Tue May 16 15:38:45 2023...
